<?xml version="1.0" encoding="UTF-8"?>
<!-- Generated by org.testng.reporters.JUnitReportReporter -->
<testsuite hostname="DESKTOP-8R9TJ4L" failures="0" tests="5" name="com.qa.testscript.TC_Medplus" time="80.131" errors="0" timestamp="24 Jun 2021 07:09:16 GMT" skipped="0">
  <testcase classname="com.qa.testscript.TC_Medplus" name="MedplusLogin" time="13.380"/>
  <testcase classname="com.qa.testscript.TC_Medplus" name="MedplusSearch" time="20.392"/>
  <testcase classname="com.qa.testscript.TC_Medplus" name="MedplusSearch" time="20.783"/>
  <testcase classname="com.qa.testscript.TC_Medplus" name="MedplusSearch" time="20.889"/>
  <testcase classname="com.qa.testscript.TC_Medplus" name="medplussignout" time="4.687"/>
</testsuite> <!-- com.qa.testscript.TC_Medplus -->
