<?xml version="1.0" encoding="UTF-8"?>
<!-- Generated by org.testng.reporters.JUnitReportReporter -->
<testsuite hostname="LAPTOP-UQ6UL893" failures="0" tests="1" name="com.qa.medplus.Medplus_Test" time="16.634" errors="0" timestamp="2021-06-18T15:29:55 IST" skipped="0">
  <testcase classname="com.qa.medplus.Medplus_Test" name="MedplusLogin" time="16.634"/>
  <system-out/>
</testsuite> <!-- com.qa.medplus.Medplus_Test -->
