<?xml version="1.0" encoding="UTF-8"?>
<!-- Generated by org.testng.reporters.JUnitReportReporter -->
<testsuite hostname="DESKTOP-8R9TJ4L" failures="0" tests="3" name="com.qa.medplus.TC_Medplus" time="36.637" errors="0" timestamp="22 Jun 2021 13:25:42 GMT" skipped="0">
  <testcase classname="com.qa.medplus.TC_Medplus" name="MedplusLogin" time="13.412"/>
  <testcase classname="com.qa.medplus.TC_Medplus" name="MedplusSearch" time="18.582"/>
  <testcase classname="com.qa.medplus.TC_Medplus" name="medplussignout" time="4.643"/>
</testsuite> <!-- com.qa.medplus.TC_Medplus -->
